#
# A fatal error has been detected by the Java Runtime Environment:
#
#  SIGSEGV (0xb) at pc=0xa755579d, pid=4244, tid=1659136832
#
# JRE version: Java(TM) SE Runtime Environment (8.0_05-b13) (build 1.8.0_05-b13)
# Java VM: Java HotSpot(TM) Server VM (25.5-b02 mixed mode linux-x86 )
# Problematic frame:
# v  ~BufferBlob::jni_fast_GetLongField
#
# Failed to write core dump. Core dumps have been disabled. To enable core dumping, try "ulimit -c unlimited" before starting Java again
#
# If you would like to submit a bug report, please visit:
#   http://bugreport.sun.com/bugreport/crash.jsp
# The crash happened outside the Java Virtual Machine in native code.
# See problematic frame for where to report the bug.
#

---------------  T H R E A D  ---------------

Current thread (0x62fc8c00):  JavaThread "AWT-XAWT" daemon [_thread_in_native, id=4260, stack(0x62df6000,0x62e47000)]

siginfo:si_signo=SIGSEGV: si_errno=0, si_code=1 (SEGV_MAPERR), si_addr=0x00000000

Registers:
EAX=0x00000000, EBX=0x631c6618, ECX=0x00000014, EDX=0x00000000
ESP=0x62e45be8, EBP=0x62e45c28, ESI=0x00000042, EDI=0x62fc8d2c
EIP=0xa755579d, EFLAGS=0x00010246, CR2=0x00000000

Top of Stack: (sp=0x62e45be8)
0x62e45be8:   6395beb8 631b0d2d 62fc8d2c 00000000
0x62e45bf8:   00000042 66c11084 62f38934 62fc8d2c
0x62e45c08:   62e45c28 00000000 b70b19a4 00010002
0x62e45c18:   08225fb8 6317a000 6395beb8 00000000
0x62e45c28:   6395c4f0 630a6e18 6395c4f0 00000000
0x62e45c38:   00000000 00000000 62e45c40 642be31c
0x62e45c48:   630a6db9 6317a000 6395a990 00a00003
0x62e45c58:   08222d78 6309e2e8 6395c4f0 00000000 

Instructions: (pc=0xa755579d)
0xa755577d:   00 00 00 56 8b 0d a8 40 0d b7 f6 c1 01 0f 85 30
0xa755578d:   00 00 00 8b c1 83 e0 01 8b 54 04 0c 8b 74 24 10
0xa755579d:   8b 12 c1 ee 02 8b 04 32 8b 54 32 04 be a8 40 0d
0xa75557ad:   b7 33 f2 33 f0 33 f2 33 f0 3b 0e 0f 85 02 00 00 

Register to memory mapping:

EAX=0x00000000 is an unknown value
EBX=0x631c6618: <offset 0x49618> in /usr/local/java/jdk1.8.0_05/jre/lib/i386/libawt_xawt.so at 0x6317d000
ECX=0x00000014 is an unknown value
EDX=0x00000000 is an unknown value
ESP=0x62e45be8 is pointing into the stack for thread: 0x62fc8c00
EBP=0x62e45c28 is pointing into the stack for thread: 0x62fc8c00
ESI=0x00000042 is an unknown value
EDI=0x62fc8d2c is an unknown value


Stack: [0x62df6000,0x62e47000],  sp=0x62e45be8,  free space=318k
Native frames: (J=compiled Java code, j=interpreted, Vv=VM code, C=native code)
v  ~BufferBlob::jni_fast_GetLongField

Java frames: (J=compiled Java code, j=interpreted, Vv=VM code)
j  sun.awt.X11.XlibWrapper.XFilterEvent(JJ)Z+0
j  sun.awt.X11.XToolkit.run(Z)V+300
j  sun.awt.X11.XToolkit.run()V+5
j  java.lang.Thread.run()V+11
v  ~StubRoutines::call_stub

---------------  P R O C E S S  ---------------

Java Threads: ( => current thread )
  0x63970000 JavaThread "TimerQueue" daemon [_thread_blocked, id=4263, stack(0x62c03000,0x62c54000)]
  0xb6507000 JavaThread "DestroyJavaVM" [_thread_blocked, id=4245, stack(0xb66bd000,0xb670e000)]
  0x62ff9c00 JavaThread "AWT-EventQueue-0" [_thread_blocked, id=4262, stack(0x62c54000,0x62ca5000)]
  0x62fd6000 JavaThread "AWT-Shutdown" [_thread_blocked, id=4261, stack(0x62ca5000,0x62cf6000)]
=>0x62fc8c00 JavaThread "AWT-XAWT" daemon [_thread_in_native, id=4260, stack(0x62df6000,0x62e47000)]
  0x62fb0c00 JavaThread "Java2D Disposer" daemon [_thread_blocked, id=4259, stack(0x62e47000,0x62e98000)]
  0x63bac000 JavaThread "Service Thread" daemon [_thread_blocked, id=4257, stack(0x632fb000,0x6334c000)]
  0x63ba8c00 JavaThread "C1 CompilerThread2" daemon [_thread_in_vm, id=4256, stack(0x6334c000,0x633cd000)]
  0x63ba7800 JavaThread "C2 CompilerThread1" daemon [_thread_blocked, id=4255, stack(0x633cd000,0x6344e000)]
  0x63ba5800 JavaThread "C2 CompilerThread0" daemon [_thread_blocked, id=4254, stack(0x6344e000,0x634cf000)]
  0x63ba4000 JavaThread "Signal Dispatcher" daemon [_thread_blocked, id=4253, stack(0x63a0d000,0x63a5e000)]
  0x63b86000 JavaThread "Finalizer" daemon [_thread_blocked, id=4252, stack(0x63a5e000,0x63aaf000)]
  0x63b83800 JavaThread "Reference Handler" daemon [_thread_blocked, id=4251, stack(0x63aaf000,0x63b00000)]

Other Threads:
  0x63b80800 VMThread [stack: 0x63c0f000,0x63c90000] [id=4250]
  0x63bbe000 WatcherThread [stack: 0x6327a000,0x632fb000] [id=4258]

VM state:not at safepoint (normal execution)

VM Mutex/Monitor currently owned by a thread: None

Heap:
 PSYoungGen      total 19200K, used 6326K [0x91ac0000, 0x93000000, 0xa7000000)
  eden space 16640K, 38% used [0x91ac0000,0x920edac8,0x92b00000)
  from space 2560K, 0% used [0x92d80000,0x92d80000,0x93000000)
  to   space 2560K, 0% used [0x92b00000,0x92b00000,0x92d80000)
 ParOldGen       total 43776K, used 0K [0x67000000, 0x69ac0000, 0x91ac0000)
  object space 43776K, 0% used [0x67000000,0x67000000,0x69ac0000)
 Metaspace       used 6642K, capacity 6762K, committed 6808K, reserved 7472K

Card table byte_map: [0x66dff000,0x67000000] byte_map_base: 0x66ac7000

Marking Bits: (ParMarkBitMap*) 0xb70d3d80
 Begin Bits: [0x64700000, 0x65700000)
 End Bits:   [0x65700000, 0x66700000)

Polling page: 0xb76d5000

CodeCache: size=245760Kb used=1739Kb max_used=1739Kb free=244020Kb
 bounds [0xa7500000, 0xa7740000, 0xb6500000]
 total_blobs=888 nmethods=615 adapters=189
 compilation: enabled

Compilation events (10 events):
Event: 7.385 Thread 0x63ba8c00 nmethod 607 0xa768fa08 code [0xa768fb20, 0xa768fc8c]
Event: 8.855 Thread 0x63ba8c00  608       3       sun.java2d.xr.DirtyRegion::setDirtyLineRegion (60 bytes)
Event: 8.855 Thread 0x63ba8c00 nmethod 608 0xa7691e08 code [0xa7691f20, 0xa7692080]
Event: 37.408 Thread 0x63ba8c00  615       3       sun.font.CompositeGlyphMapper::getCachedGlyphCode (32 bytes)
Event: 37.408 Thread 0x63ba8c00 nmethod 615 0xa7691a48 code [0xa7691b60, 0xa7691ce0]
Event: 37.408 Thread 0x63ba8c00  616       3       sun.font.FileFontStrike::getCachedGlyphPtr (120 bytes)
Event: 37.408 Thread 0x63ba8c00 nmethod 616 0xa76912c8 code [0xa7691400, 0xa76916e0]
Event: 37.408 Thread 0x63ba8c00  609       3       sun.awt.X11.XBaseWindow::dispatchEvent (298 bytes)
Event: 37.410 Thread 0x63ba8c00 nmethod 609 0xa7692e48 code [0xa7693100, 0xa7693f44]
Event: 37.410 Thread 0x63ba8c00  610   !   3       sun.awt.X11.XDragSourceContextPeer::doProcessEvent (690 bytes)

GC Heap History (0 events):
No events

Deoptimization events (4 events):
Event: 1.564 Thread 0x62ff9c00 Uncommon trap: reason=class_check action=maybe_recompile pc=0xa7627150 method=java.lang.String.equals(Ljava/lang/Object;)Z @ 8
Event: 1.651 Thread 0x62ff9c00 Uncommon trap: reason=class_check action=maybe_recompile pc=0xa7627150 method=java.lang.String.equals(Ljava/lang/Object;)Z @ 8
Event: 2.839 Thread 0x62ff9c00 Uncommon trap: reason=class_check action=maybe_recompile pc=0xa7627150 method=java.lang.String.equals(Ljava/lang/Object;)Z @ 8
Event: 2.839 Thread 0x62ff9c00 Uncommon trap: reason=class_check action=maybe_recompile pc=0xa7627150 method=java.lang.String.equals(Ljava/lang/Object;)Z @ 8

Internal exceptions (10 events):
Event: 0.083 Thread 0xb6507000 Exception <a 'java/security/PrivilegedActionException'> (0x91bcdf08) thrown at [/HUDSON/workspace/8-2-build-linux-i586/jdk8u5/2488/hotspot/src/share/vm/prims/jvm.cpp, line 1248]
Event: 0.083 Thread 0xb6507000 Exception <a 'java/security/PrivilegedActionException'> (0x91bd0090) thrown at [/HUDSON/workspace/8-2-build-linux-i586/jdk8u5/2488/hotspot/src/share/vm/prims/jvm.cpp, line 1248]
Event: 0.083 Thread 0xb6507000 Exception <a 'java/security/PrivilegedActionException'> (0x91bd0240) thrown at [/HUDSON/workspace/8-2-build-linux-i586/jdk8u5/2488/hotspot/src/share/vm/prims/jvm.cpp, line 1248]
Event: 0.090 Thread 0xb6507000 Exception <a 'java/io/FileNotFoundException'> (0x91bd80d8) thrown at [/HUDSON/workspace/8-2-build-linux-i586/jdk8u5/2488/hotspot/src/share/vm/prims/jni.cpp, line 716]
Event: 0.090 Thread 0xb6507000 Exception <a 'java/io/FileNotFoundException'> (0x91bd8988) thrown at [/HUDSON/workspace/8-2-build-linux-i586/jdk8u5/2488/hotspot/src/share/vm/prims/jni.cpp, line 716]
Event: 0.149 Thread 0xb6507000 Exception <a 'java/lang/ClassNotFoundException': java/lang/Null> (0x91c2d388) thrown at [/HUDSON/workspace/8-2-build-linux-i586/jdk8u5/2488/hotspot/src/share/vm/classfile/systemDictionary.cpp, line 202]
Event: 0.167 Thread 0xb6507000 Exception <a 'java/lang/NoSuchFieldError': method resolution failed> (0x91c7c1d8) thrown at [/HUDSON/workspace/8-2-build-linux-i586/jdk8u5/2488/hotspot/src/share/vm/prims/methodHandles.cpp, line 1159]
Event: 0.170 Thread 0xb6507000 Exception <a 'java/lang/NoSuchFieldError': method resolution failed> (0x91c89808) thrown at [/HUDSON/workspace/8-2-build-linux-i586/jdk8u5/2488/hotspot/src/share/vm/prims/methodHandles.cpp, line 1159]
Event: 0.171 Thread 0xb6507000 Exception <a 'java/lang/NoSuchFieldError': method resolution failed> (0x91c8c3e0) thrown at [/HUDSON/workspace/8-2-build-linux-i586/jdk8u5/2488/hotspot/src/share/vm/prims/methodHandles.cpp, line 1159]
Event: 1.646 Thread 0x62ff9c00 Exception <a 'java/lang/UnsupportedOperationException': > (0x91e15d50) thrown at [/HUDSON/workspace/8-2-build-linux-i586/jdk8u5/2488/hotspot/src/share/vm/prims/jni.cpp, line 742]

Events (10 events):
Event: 2.841 loading class javax/swing/event/UndoableEditListener
Event: 2.842 loading class javax/swing/event/UndoableEditListener done
Event: 2.842 loading class javax/swing/RepaintManager$2
Event: 2.842 loading class javax/swing/RepaintManager$2 done
Event: 4.066 Executing VM operation: EnableBiasedLocking
Event: 4.067 Executing VM operation: EnableBiasedLocking done
Event: 6.551 loading class java/io/PrintWriter
Event: 6.551 loading class java/io/PrintWriter done
Event: 6.552 loading class java/io/FileOutputStream$1
Event: 6.552 loading class java/io/FileOutputStream$1 done


Dynamic libraries:
08048000-08049000 r-xp 00000000 08:11 2631137    /usr/local/java/jdk1.8.0_05/bin/java
08049000-0804a000 rw-p 00000000 08:11 2631137    /usr/local/java/jdk1.8.0_05/bin/java
08221000-08252000 rw-p 00000000 00:00 0          [heap]
62400000-624b2000 rw-p 00000000 00:00 0 
624b2000-62500000 ---p 00000000 00:00 0 
62500000-62600000 rw-p 00000000 00:00 0 
626af000-626b2000 ---p 00000000 00:00 0 
626b2000-62700000 rw-p 00000000 00:00 0          [stack:4303]
62700000-62800000 rw-p 00000000 00:00 0 
62847000-6284a000 ---p 00000000 00:00 0 
6284a000-628f8000 rw-p 00000000 00:00 0          [stack:4302]
628f8000-62998000 ---p 00000000 00:00 0 
62998000-629f8000 r-xp 00000000 08:11 5899202    /usr/local/java/jdk1.8.0_05/jre/lib/i386/libt2k.so
629f8000-629fc000 rw-p 00060000 08:11 5899202    /usr/local/java/jdk1.8.0_05/jre/lib/i386/libt2k.so
629fc000-62b00000 rw-p 00000000 00:00 0 
62b00000-62b6b000 rw-p 00000000 00:00 0 
62b6b000-62c00000 ---p 00000000 00:00 0 
62c03000-62c06000 ---p 00000000 00:00 0 
62c06000-62c54000 rw-p 00000000 00:00 0          [stack:4263]
62c54000-62c57000 ---p 00000000 00:00 0 
62c57000-62ca5000 rw-p 00000000 00:00 0          [stack:4262]
62ca5000-62ca8000 ---p 00000000 00:00 0 
62ca8000-62df6000 rw-p 00000000 00:00 0          [stack:4261]
62df6000-62df9000 ---p 00000000 00:00 0 
62df9000-62e47000 rw-p 00000000 00:00 0          [stack:4260]
62e47000-62e4a000 ---p 00000000 00:00 0 
62e4a000-62e98000 rw-p 00000000 00:00 0          [stack:4259]
62e98000-62ef9000 r-xp 00000000 08:11 5899194    /usr/local/java/jdk1.8.0_05/jre/lib/i386/libfontmanager.so
62ef9000-62efc000 rw-p 00060000 08:11 5899194    /usr/local/java/jdk1.8.0_05/jre/lib/i386/libfontmanager.so
62efc000-62f00000 rw-p 00000000 00:00 0 
62f00000-62ffd000 rw-p 00000000 00:00 0 
62ffd000-63000000 ---p 00000000 00:00 0 
63034000-63048000 r-xp 00000000 08:11 5899197    /usr/local/java/jdk1.8.0_05/jre/lib/i386/libnet.so
63048000-63049000 rw-p 00014000 08:11 5899197    /usr/local/java/jdk1.8.0_05/jre/lib/i386/libnet.so
63049000-63179000 r-xp 00000000 08:11 2624030    /usr/lib/i386-linux-gnu/libX11.so.6.3.0
63179000-6317a000 r--p 00130000 08:11 2624030    /usr/lib/i386-linux-gnu/libX11.so.6.3.0
6317a000-6317c000 rw-p 00131000 08:11 2624030    /usr/lib/i386-linux-gnu/libX11.so.6.3.0
6317c000-6317d000 rw-p 00000000 00:00 0 
6317d000-631c6000 r-xp 00000000 08:11 5899201    /usr/local/java/jdk1.8.0_05/jre/lib/i386/libawt_xawt.so
631c6000-631c8000 rw-p 00049000 08:11 5899201    /usr/local/java/jdk1.8.0_05/jre/lib/i386/libawt_xawt.so
631c8000-631c9000 rw-p 00000000 00:00 0 
631c9000-6324f000 r-xp 00000000 08:11 5899204    /usr/local/java/jdk1.8.0_05/jre/lib/i386/libawt.so
6324f000-63256000 rw-p 00086000 08:11 5899204    /usr/local/java/jdk1.8.0_05/jre/lib/i386/libawt.so
63256000-6327a000 rw-p 00000000 00:00 0 
6327a000-6327b000 ---p 00000000 00:00 0 
6327b000-632fb000 rw-p 00000000 00:00 0          [stack:4258]
632fb000-632fe000 ---p 00000000 00:00 0 
632fe000-6334c000 rw-p 00000000 00:00 0          [stack:4257]
6334c000-6334f000 ---p 00000000 00:00 0 
6334f000-633cd000 rw-p 00000000 00:00 0          [stack:4256]
633cd000-633d0000 ---p 00000000 00:00 0 
633d0000-6344e000 rw-p 00000000 00:00 0          [stack:4255]
6344e000-63451000 ---p 00000000 00:00 0 
63451000-634cf000 rw-p 00000000 00:00 0          [stack:4254]
634cf000-63600000 r--p 002be000 08:11 2626363    /usr/lib/locale/locale-archive
63600000-63800000 r--p 00000000 08:11 2626363    /usr/lib/locale/locale-archive
63800000-63821000 rw-p 00000000 00:00 0 
63821000-63900000 ---p 00000000 00:00 0 
63900000-63993000 rw-p 00000000 00:00 0 
63993000-63a00000 ---p 00000000 00:00 0 
63a0d000-63a10000 ---p 00000000 00:00 0 
63a10000-63a5e000 rw-p 00000000 00:00 0          [stack:4253]
63a5e000-63a61000 ---p 00000000 00:00 0 
63a61000-63aaf000 rw-p 00000000 00:00 0          [stack:4252]
63aaf000-63ab2000 ---p 00000000 00:00 0 
63ab2000-63b00000 rw-p 00000000 00:00 0          [stack:4251]
63b00000-63bff000 rw-p 00000000 00:00 0 
63bff000-63c00000 ---p 00000000 00:00 0 
63c04000-63c0d000 r-xp 00000000 08:11 2624041    /usr/lib/i386-linux-gnu/libXcursor.so.1.0.2
63c0d000-63c0e000 r--p 00008000 08:11 2624041    /usr/lib/i386-linux-gnu/libXcursor.so.1.0.2
63c0e000-63c0f000 rw-p 00009000 08:11 2624041    /usr/lib/i386-linux-gnu/libXcursor.so.1.0.2
63c0f000-63c10000 ---p 00000000 00:00 0 
63c10000-63cdf000 rw-p 00000000 00:00 0          [stack:4250]
63cdf000-63eb4000 r--s 03c4d000 08:11 5769813    /usr/local/java/jdk1.8.0_05/jre/lib/rt.jar
63eb4000-642fa000 rw-p 00000000 00:00 0 
642fa000-64300000 ---p 00000000 00:00 0 
64300000-66700000 rw-p 00000000 00:00 0 
66700000-66721000 rw-p 00000000 00:00 0 
66721000-66800000 ---p 00000000 00:00 0 
66807000-66823000 r-xp 00000000 08:11 4719562    /lib/i386-linux-gnu/libgcc_s.so.1
66823000-66824000 rw-p 0001b000 08:11 4719562    /lib/i386-linux-gnu/libgcc_s.so.1
66824000-6687f000 rw-p 00000000 00:00 0 
6687f000-66880000 ---p 00000000 00:00 0 
66880000-66900000 rw-p 00000000 00:00 0          [stack:4249]
66900000-66921000 rw-p 00000000 00:00 0 
66921000-66a00000 ---p 00000000 00:00 0 
66a00000-66aff000 rw-p 00000000 00:00 0 
66aff000-66b00000 ---p 00000000 00:00 0 
66b00000-66b21000 rw-p 00000000 00:00 0 
66b21000-66c00000 ---p 00000000 00:00 0 
66c06000-66c26000 r-xp 00000000 08:11 2624953    /usr/lib/i386-linux-gnu/libxcb.so.1.1.0
66c26000-66c27000 r--p 0001f000 08:11 2624953    /usr/lib/i386-linux-gnu/libxcb.so.1.1.0
66c27000-66c28000 rw-p 00020000 08:11 2624953    /usr/lib/i386-linux-gnu/libxcb.so.1.1.0
66c28000-66c29000 ---p 00000000 00:00 0 
66c29000-66cbf000 rw-p 00000000 00:00 0          [stack:4248]
66cbf000-66dff000 ---p 00000000 00:00 0 
66dff000-66e15000 rw-p 00000000 00:00 0 
66e15000-66f54000 ---p 00000000 00:00 0 
66f54000-66f5f000 rw-p 00000000 00:00 0 
66f5f000-66fff000 ---p 00000000 00:00 0 
66fff000-69ac0000 rw-p 00000000 00:00 0 
69ac0000-91ac0000 ---p 00000000 00:00 0 
91ac0000-93000000 rw-p 00000000 00:00 0 
93000000-a7000000 ---p 00000000 00:00 0 
a7000000-a7004000 r-xp 00000000 08:11 2624049    /usr/lib/i386-linux-gnu/libXfixes.so.3.1.0
a7004000-a7005000 r--p 00003000 08:11 2624049    /usr/lib/i386-linux-gnu/libXfixes.so.3.1.0
a7005000-a7006000 rw-p 00004000 08:11 2624049    /usr/lib/i386-linux-gnu/libXfixes.so.3.1.0
a7006000-a7015000 r-xp 00000000 08:11 2624055    /usr/lib/i386-linux-gnu/libXi.so.6.1.0
a7015000-a7016000 r--p 0000e000 08:11 2624055    /usr/lib/i386-linux-gnu/libXi.so.6.1.0
a7016000-a7017000 rw-p 0000f000 08:11 2624055    /usr/lib/i386-linux-gnu/libXi.so.6.1.0
a7017000-a7028000 r-xp 00000000 08:11 2624047    /usr/lib/i386-linux-gnu/libXext.so.6.4.0
a7028000-a7029000 r--p 00010000 08:11 2624047    /usr/lib/i386-linux-gnu/libXext.so.6.4.0
a7029000-a702a000 rw-p 00011000 08:11 2624047    /usr/lib/i386-linux-gnu/libXext.so.6.4.0
a702e000-a703d000 r-xp 00000000 08:11 5899230    /usr/local/java/jdk1.8.0_05/jre/lib/i386/libnio.so
a703d000-a703e000 rw-p 0000e000 08:11 5899230    /usr/local/java/jdk1.8.0_05/jre/lib/i386/libnio.so
a703e000-a703f000 ---p 00000000 00:00 0 
a703f000-a70bf000 rw-p 00000000 00:00 0          [stack:4247]
a70bf000-a70c0000 ---p 00000000 00:00 0 
a70c0000-a7149000 rw-p 00000000 00:00 0          [stack:4246]
a7149000-a7500000 ---p 00000000 00:00 0 
a7500000-a7740000 rwxp 00000000 00:00 0 
a7740000-b6500000 ---p 00000000 00:00 0 
b6500000-b65f9000 rw-p 00000000 00:00 0 
b65f9000-b6600000 ---p 00000000 00:00 0 
b6600000-b6605000 r-xp 00000000 08:11 2624045    /usr/lib/i386-linux-gnu/libXdmcp.so.6.0.0
b6605000-b6606000 r--p 00004000 08:11 2624045    /usr/lib/i386-linux-gnu/libXdmcp.so.6.0.0
b6606000-b6607000 rw-p 00005000 08:11 2624045    /usr/lib/i386-linux-gnu/libXdmcp.so.6.0.0
b6607000-b660c000 r-xp 00000000 08:11 2624075    /usr/lib/i386-linux-gnu/libXtst.so.6.1.0
b660c000-b660d000 r--p 00004000 08:11 2624075    /usr/lib/i386-linux-gnu/libXtst.so.6.1.0
b660d000-b660e000 rw-p 00005000 08:11 2624075    /usr/lib/i386-linux-gnu/libXtst.so.6.1.0
b660e000-b6626000 rw-p 00000000 00:00 0 
b6626000-b663f000 r-xp 00000000 08:11 5899190    /usr/local/java/jdk1.8.0_05/jre/lib/i386/libzip.so
b663f000-b6640000 rw-p 00018000 08:11 5899190    /usr/local/java/jdk1.8.0_05/jre/lib/i386/libzip.so
b6640000-b664b000 r-xp 00000000 08:11 4719610    /lib/i386-linux-gnu/libnss_files-2.19.so
b664b000-b664c000 r--p 0000a000 08:11 4719610    /lib/i386-linux-gnu/libnss_files-2.19.so
b664c000-b664d000 rw-p 0000b000 08:11 4719610    /lib/i386-linux-gnu/libnss_files-2.19.so
b664d000-b6657000 r-xp 00000000 08:11 4719614    /lib/i386-linux-gnu/libnss_nis-2.19.so
b6657000-b6658000 r--p 00009000 08:11 4719614    /lib/i386-linux-gnu/libnss_nis-2.19.so
b6658000-b6659000 rw-p 0000a000 08:11 4719614    /lib/i386-linux-gnu/libnss_nis-2.19.so
b6659000-b666e000 r-xp 00000000 08:11 4719604    /lib/i386-linux-gnu/libnsl-2.19.so
b666e000-b666f000 r--p 00015000 08:11 4719604    /lib/i386-linux-gnu/libnsl-2.19.so
b666f000-b6670000 rw-p 00016000 08:11 4719604    /lib/i386-linux-gnu/libnsl-2.19.so
b6670000-b6672000 rw-p 00000000 00:00 0 
b6672000-b6679000 r-xp 00000000 08:11 4719606    /lib/i386-linux-gnu/libnss_compat-2.19.so
b6679000-b667a000 r--p 00006000 08:11 4719606    /lib/i386-linux-gnu/libnss_compat-2.19.so
b667a000-b667b000 rw-p 00007000 08:11 4719606    /lib/i386-linux-gnu/libnss_compat-2.19.so
b667c000-b6685000 r-xp 00000000 08:11 2624069    /usr/lib/i386-linux-gnu/libXrender.so.1.3.0
b6685000-b6686000 r--p 00008000 08:11 2624069    /usr/lib/i386-linux-gnu/libXrender.so.1.3.0
b6686000-b6687000 rw-p 00009000 08:11 2624069    /usr/lib/i386-linux-gnu/libXrender.so.1.3.0
b6687000-b668f000 rw-s 00000000 08:11 6553631    /tmp/hsperfdata_rob/4244
b668f000-b66b3000 r-xp 00000000 08:11 5899221    /usr/local/java/jdk1.8.0_05/jre/lib/i386/libjava.so
b66b3000-b66b4000 rw-p 00023000 08:11 5899221    /usr/local/java/jdk1.8.0_05/jre/lib/i386/libjava.so
b66b4000-b66bb000 r-xp 00000000 08:11 4719657    /lib/i386-linux-gnu/librt-2.19.so
b66bb000-b66bc000 r--p 00006000 08:11 4719657    /lib/i386-linux-gnu/librt-2.19.so
b66bc000-b66bd000 rw-p 00007000 08:11 4719657    /lib/i386-linux-gnu/librt-2.19.so
b66bd000-b66c0000 ---p 00000000 00:00 0 
b66c0000-b670e000 rw-p 00000000 00:00 0          [stack:4245]
b670e000-b6752000 r-xp 00000000 08:11 4719585    /lib/i386-linux-gnu/libm-2.19.so
b6752000-b6753000 r--p 00043000 08:11 4719585    /lib/i386-linux-gnu/libm-2.19.so
b6753000-b6754000 rw-p 00044000 08:11 4719585    /lib/i386-linux-gnu/libm-2.19.so
b6754000-b705c000 r-xp 00000000 08:11 5899181    /usr/local/java/jdk1.8.0_05/jre/lib/i386/server/libjvm.so
b705c000-b70c4000 rw-p 00908000 08:11 5899181    /usr/local/java/jdk1.8.0_05/jre/lib/i386/server/libjvm.so
b70c4000-b74e8000 rw-p 00000000 00:00 0 
b74e8000-b7691000 r-xp 00000000 08:11 4719535    /lib/i386-linux-gnu/libc-2.19.so
b7691000-b7693000 r--p 001a9000 08:11 4719535    /lib/i386-linux-gnu/libc-2.19.so
b7693000-b7694000 rw-p 001ab000 08:11 4719535    /lib/i386-linux-gnu/libc-2.19.so
b7694000-b7697000 rw-p 00000000 00:00 0 
b7697000-b769a000 r-xp 00000000 08:11 4719552    /lib/i386-linux-gnu/libdl-2.19.so
b769a000-b769b000 r--p 00002000 08:11 4719552    /lib/i386-linux-gnu/libdl-2.19.so
b769b000-b769c000 rw-p 00003000 08:11 4719552    /lib/i386-linux-gnu/libdl-2.19.so
b769c000-b769d000 rw-p 00000000 00:00 0 
b769d000-b76b1000 r-xp 00000000 08:11 3017517    /usr/local/java/jdk1.8.0_05/lib/i386/jli/libjli.so
b76b1000-b76b2000 rw-p 00013000 08:11 3017517    /usr/local/java/jdk1.8.0_05/lib/i386/jli/libjli.so
b76b2000-b76ca000 r-xp 00000000 08:11 4719649    /lib/i386-linux-gnu/libpthread-2.19.so
b76ca000-b76cb000 r--p 00017000 08:11 4719649    /lib/i386-linux-gnu/libpthread-2.19.so
b76cb000-b76cc000 rw-p 00018000 08:11 4719649    /lib/i386-linux-gnu/libpthread-2.19.so
b76cc000-b76ce000 rw-p 00000000 00:00 0 
b76cf000-b76d1000 r-xp 00000000 08:11 2624034    /usr/lib/i386-linux-gnu/libXau.so.6.0.0
b76d1000-b76d2000 r--p 00001000 08:11 2624034    /usr/lib/i386-linux-gnu/libXau.so.6.0.0
b76d2000-b76d3000 rw-p 00002000 08:11 2624034    /usr/lib/i386-linux-gnu/libXau.so.6.0.0
b76d3000-b76d4000 r--p 007e6000 08:11 2626363    /usr/lib/locale/locale-archive
b76d4000-b76d5000 rw-p 00000000 00:00 0 
b76d5000-b76d6000 r--p 00000000 00:00 0 
b76d6000-b76e1000 r-xp 00000000 08:11 5899241    /usr/local/java/jdk1.8.0_05/jre/lib/i386/libverify.so
b76e1000-b76e2000 rw-p 0000b000 08:11 5899241    /usr/local/java/jdk1.8.0_05/jre/lib/i386/libverify.so
b76e2000-b76e4000 rw-p 00000000 00:00 0 
b76e4000-b76e5000 r-xp 00000000 00:00 0          [vdso]
b76e5000-b7705000 r-xp 00000000 08:11 4719511    /lib/i386-linux-gnu/ld-2.19.so
b7705000-b7706000 r--p 0001f000 08:11 4719511    /lib/i386-linux-gnu/ld-2.19.so
b7706000-b7707000 rw-p 00020000 08:11 4719511    /lib/i386-linux-gnu/ld-2.19.so
bfd38000-bfd39000 rwxp 00000000 00:00 0 
bfd6b000-bfd8c000 rw-p 00000000 00:00 0          [stack]

VM Arguments:
java_command: frame
java_class_path (initial): .
Launcher Type: SUN_STANDARD

Environment Variables:
JAVA_HOME=/usr/local/java/jdk1.8.0_05
PATH=/usr/local/sbin:/usr/local/bin:/usr/sbin:/usr/bin:/sbin:/bin:/usr/games:/usr/local/games:/home/rob/bin:/usr/local/java/jdk1.8.0_05/bin
SHELL=/bin/bash
DISPLAY=:0

Signal Handlers:
SIGSEGV: [libjvm.so+0x863250], sa_mask[0]=0x7ffbfeff, sa_flags=0x10000004
SIGBUS: [libjvm.so+0x863250], sa_mask[0]=0x7ffbfeff, sa_flags=0x10000004
SIGFPE: [libjvm.so+0x6ef420], sa_mask[0]=0x7ffbfeff, sa_flags=0x10000004
SIGPIPE: [libjvm.so+0x6ef420], sa_mask[0]=0x7ffbfeff, sa_flags=0x10000004
SIGXFSZ: [libjvm.so+0x6ef420], sa_mask[0]=0x7ffbfeff, sa_flags=0x10000004
SIGILL: [libjvm.so+0x6ef420], sa_mask[0]=0x7ffbfeff, sa_flags=0x10000004
SIGUSR1: SIG_DFL, sa_mask[0]=0x00000000, sa_flags=0x00000000
SIGUSR2: [libjvm.so+0x6f0b30], sa_mask[0]=0x00000000, sa_flags=0x10000004
SIGHUP: [libjvm.so+0x6f1f40], sa_mask[0]=0x7ffbfeff, sa_flags=0x10000004
SIGINT: [libjvm.so+0x6f1f40], sa_mask[0]=0x7ffbfeff, sa_flags=0x10000004
SIGTERM: [libjvm.so+0x6f1f40], sa_mask[0]=0x7ffbfeff, sa_flags=0x10000004
SIGQUIT: [libjvm.so+0x6f1f40], sa_mask[0]=0x7ffbfeff, sa_flags=0x10000004


---------------  S Y S T E M  ---------------

OS:DISTRIB_ID=Ubuntu
DISTRIB_RELEASE=14.04
DISTRIB_CODENAME=trusty
DISTRIB_DESCRIPTION="Ubuntu 14.04 LTS"

uname:Linux 3.13.0-30-generic #54-Ubuntu SMP Mon Jun 9 22:47:59 UTC 2014 i686
libc:glibc 2.19 NPTL 2.19 
rlimit: STACK 8192k, CORE 0k, NPROC 64520, NOFILE 4096, AS infinity
load average:0.22 0.20 0.20

/proc/meminfo:
MemTotal:        8285932 kB
MemFree:         7512828 kB
Buffers:           52144 kB
Cached:           429512 kB
SwapCached:            0 kB
Active:           367752 kB
Inactive:         344992 kB
Active(anon):     232212 kB
Inactive(anon):     8312 kB
Active(file):     135540 kB
Inactive(file):   336680 kB
Unevictable:          32 kB
Mlocked:              32 kB
HighTotal:       7474632 kB
HighFree:        6833428 kB
LowTotal:         811300 kB
LowFree:          679400 kB
SwapTotal:       8386556 kB
SwapFree:        8386556 kB
Dirty:                52 kB
Writeback:           268 kB
AnonPages:        190424 kB
Mapped:            86192 kB
Shmem:              9440 kB
Slab:              32060 kB
SReclaimable:      17600 kB
SUnreclaim:        14460 kB
KernelStack:        1808 kB
PageTables:         3636 kB
NFS_Unstable:          0 kB
Bounce:               68 kB
WritebackTmp:          0 kB
CommitLimit:    12529520 kB
Committed_AS:    1676628 kB
VmallocTotal:     122880 kB
VmallocUsed:      114540 kB
VmallocChunk:       1624 kB
HardwareCorrupted:     0 kB
AnonHugePages:     77824 kB
HugePages_Total:       0
HugePages_Free:        0
HugePages_Rsvd:        0
HugePages_Surp:        0
Hugepagesize:       2048 kB
DirectMap4k:       10232 kB
DirectMap2M:      903168 kB


CPU:total 4 (4 cores per cpu, 1 threads per core) family 6 model 23 stepping 10, cmov, cx8, fxsr, mmx, sse, sse2, sse3, ssse3, sse4.1, tsc

/proc/cpuinfo:
processor	: 0
vendor_id	: GenuineIntel
cpu family	: 6
model		: 23
model name	: Intel(R) Core(TM)2 Quad CPU    Q8300  @ 2.50GHz
stepping	: 10
microcode	: 0xa07
cpu MHz		: 2003.000
cache size	: 2048 KB
physical id	: 0
siblings	: 4
core id		: 0
cpu cores	: 4
apicid		: 0
initial apicid	: 0
fdiv_bug	: no
f00f_bug	: no
coma_bug	: no
fpu		: yes
fpu_exception	: yes
cpuid level	: 13
wp		: yes
flags		: fpu vme de pse tsc msr pae mce cx8 apic sep mtrr pge mca cmov pat pse36 clflush dts acpi mmx fxsr sse sse2 ss ht tm pbe nx lm constant_tsc arch_perfmon pebs bts aperfmperf pni dtes64 monitor ds_cpl est tm2 ssse3 cx16 xtpr pdcm sse4_1 xsave lahf_lm dtherm
bogomips	: 4999.33
clflush size	: 64
cache_alignment	: 64
address sizes	: 36 bits physical, 48 bits virtual
power management:

processor	: 1
vendor_id	: GenuineIntel
cpu family	: 6
model		: 23
model name	: Intel(R) Core(TM)2 Quad CPU    Q8300  @ 2.50GHz
stepping	: 10
microcode	: 0xa07
cpu MHz		: 2499.000
cache size	: 2048 KB
physical id	: 0
siblings	: 4
core id		: 1
cpu cores	: 4
apicid		: 1
initial apicid	: 1
fdiv_bug	: no
f00f_bug	: no
coma_bug	: no
fpu		: yes
fpu_exception	: yes
cpuid level	: 13
wp		: yes
flags		: fpu vme de pse tsc msr pae mce cx8 apic sep mtrr pge mca cmov pat pse36 clflush dts acpi mmx fxsr sse sse2 ss ht tm pbe nx lm constant_tsc arch_perfmon pebs bts aperfmperf pni dtes64 monitor ds_cpl est tm2 ssse3 cx16 xtpr pdcm sse4_1 xsave lahf_lm dtherm
bogomips	: 4999.33
clflush size	: 64
cache_alignment	: 64
address sizes	: 36 bits physical, 48 bits virtual
power management:

processor	: 2
vendor_id	: GenuineIntel
cpu family	: 6
model		: 23
model name	: Intel(R) Core(TM)2 Quad CPU    Q8300  @ 2.50GHz
stepping	: 10
microcode	: 0xa07
cpu MHz		: 2499.000
cache size	: 2048 KB
physical id	: 0
siblings	: 4
core id		: 2
cpu cores	: 4
apicid		: 2
initial apicid	: 2
fdiv_bug	: no
f00f_bug	: no
coma_bug	: no
fpu		: yes
fpu_exception	: yes
cpuid level	: 13
wp		: yes
flags		: fpu vme de pse tsc msr pae mce cx8 apic sep mtrr pge mca cmov pat pse36 clflush dts acpi mmx fxsr sse sse2 ss ht tm pbe nx lm constant_tsc arch_perfmon pebs bts aperfmperf pni dtes64 monitor ds_cpl est tm2 ssse3 cx16 xtpr pdcm sse4_1 xsave lahf_lm dtherm
bogomips	: 4999.33
clflush size	: 64
cache_alignment	: 64
address sizes	: 36 bits physical, 48 bits virtual
power management:

processor	: 3
vendor_id	: GenuineIntel
cpu family	: 6
model		: 23
model name	: Intel(R) Core(TM)2 Quad CPU    Q8300  @ 2.50GHz
stepping	: 10
microcode	: 0xa07
cpu MHz		: 2499.000
cache size	: 2048 KB
physical id	: 0
siblings	: 4
core id		: 3
cpu cores	: 4
apicid		: 3
initial apicid	: 3
fdiv_bug	: no
f00f_bug	: no
coma_bug	: no
fpu		: yes
fpu_exception	: yes
cpuid level	: 13
wp		: yes
flags		: fpu vme de pse tsc msr pae mce cx8 apic sep mtrr pge mca cmov pat pse36 clflush dts acpi mmx fxsr sse sse2 ss ht tm pbe nx lm constant_tsc arch_perfmon pebs bts aperfmperf pni dtes64 monitor ds_cpl est tm2 ssse3 cx16 xtpr pdcm sse4_1 xsave lahf_lm dtherm
bogomips	: 4999.33
clflush size	: 64
cache_alignment	: 64
address sizes	: 36 bits physical, 48 bits virtual
power management:



Memory: 4k page, physical 8285932k(7518676k free), swap 8386556k(8386556k free)

vm_info: Java HotSpot(TM) Server VM (25.5-b02) for linux-x86 JRE (1.8.0_05-b13), built on Mar 18 2014 00:45:30 by "java_re" with gcc 4.3.0 20080428 (Red Hat 4.3.0-8)

time: Sun Jun 29 22:48:04 2014
elapsed time: 37 seconds

